<?xml version="1.0" encoding="utf-8"?><testsuites name="pytest tests"><testsuite name="pytest" errors="0" failures="0" skipped="0" tests="11" time="7.079" timestamp="2026-09-09T14:58:17.971842+00:00" hostname="agent-env-1e444118-a49b-4b86-b841-d11327099904"><testcase classname="tests.test_cidadehub_review" name="test_auth_roles_and_me" time="1.835" /><testcase classname="tests.test_upload_and_media.TestUpload" name="test_upload_without_token_forbidden" time="0.317" /><testcase classname="tests.test_upload_and_media.TestUpload" name="test_upload_and_fetch_image" time="1.376" /><testcase classname="tests.test_upload_and_media.TestUpload" name="test_upload_rejects_non_image" time="0.615" /><testcase classname="tests.test_cidadehub_review" name="test_consumer_search_detail_and_click" time="1.404" /><testcase classname="tests.test_upload_and_media.TestOwnerStorePersistence" name="test_create_and_update_store_persists_media" time="1.453" /><testcase classname="tests.test_cidadehub_review" name="test_owner_metrics_and_product_crud" time="1.334" /><testcase classname="tests.test_upload_and_media.TestProductImagePersistence" name="test_create_and_update_product_image" time="1.386" /><testcase classname="tests.test_cidadehub_review" name="test_consumer_review_submission_persists" time="0.997" /><testcase classname="tests.test_upload_and_media.TestHomePremiumOrdering" name="test_default_listing_pins_premium_or_featured_first" time="0.156" /><testcase classname="tests.test_cidadehub_review" name="test_admin_metrics_and_rbac" time="1.177" /></testsuite></testsuites>