<?xml version="1.0" encoding="utf-8"?><testsuites name="pytest tests"><testsuite name="pytest" errors="0" failures="0" skipped="0" tests="4" time="5.648" timestamp="2026-09-09T14:05:44.089088+00:00" hostname="agent-env-1e444118-a49b-4b86-b841-d11327099904"><testcase classname="tests.test_cidadehub_review" name="test_auth_roles_and_me" time="1.927" /><testcase classname="tests.test_cidadehub_review" name="test_consumer_search_detail_and_click" time="1.112" /><testcase classname="tests.test_cidadehub_review" name="test_owner_metrics_and_product_crud" time="1.137" /><testcase classname="tests.test_cidadehub_review" name="test_admin_metrics_and_rbac" time="1.146" /></testsuite></testsuites>